[0.123s] DEBUG:colcon:Command line arguments: ['/usr/bin/colcon', 'build', '--symlink-install']
[0.123s] DEBUG:colcon:Parsed command line arguments: Namespace(log_base=None, log_level=None, verb_name='build', build_base='build', install_base='install', merge_install=False, symlink_install=True, test_result_base=None, continue_on_error=False, executor='parallel', parallel_workers=16, event_handlers=None, ignore_user_meta=False, metas=['./colcon.meta'], base_paths=['.'], packages_ignore=None, packages_ignore_regex=None, paths=None, packages_up_to=None, packages_up_to_regex=None, packages_above=None, packages_above_and_dependencies=None, packages_above_depth=None, packages_select_by_dep=None, packages_skip_by_dep=None, packages_skip_up_to=None, packages_select_build_failed=False, packages_skip_build_finished=False, packages_select_test_failures=False, packages_skip_test_passed=False, packages_select=None, packages_skip=None, packages_select_regex=None, packages_skip_regex=None, packages_start=None, packages_end=None, allow_overriding=[], cmake_args=None, cmake_target=None, cmake_target_skip_unavailable=False, cmake_clean_cache=False, cmake_clean_first=False, cmake_force_configure=False, ament_cmake_args=None, catkin_cmake_args=None, catkin_skip_building_tests=False, verb_parser=<colcon_defaults.argument_parser.defaults.DefaultArgumentsDecorator object at 0x7a17de8da740>, verb_extension=<colcon_core.verb.build.BuildVerb object at 0x7a17de9e7ee0>, main=<bound method BuildVerb.main of <colcon_core.verb.build.BuildVerb object at 0x7a17de9e7ee0>>)
[0.239s] Level 1:colcon.colcon_core.package_discovery:discover_packages(colcon_meta) check parameters
[0.239s] Level 1:colcon.colcon_core.package_discovery:discover_packages(recursive) check parameters
[0.239s] Level 1:colcon.colcon_core.package_discovery:discover_packages(ignore) check parameters
[0.239s] Level 1:colcon.colcon_core.package_discovery:discover_packages(path) check parameters
[0.239s] Level 1:colcon.colcon_core.package_discovery:discover_packages(colcon_meta) discover
[0.239s] Level 1:colcon.colcon_core.package_discovery:discover_packages(recursive) discover
[0.239s] INFO:colcon.colcon_core.package_discovery:Crawling recursively for packages in '/home/monica/repositories/greenhouse-nav/greenhouse_nav'
[0.239s] Level 1:colcon.colcon_core.package_identification:_identify(.) by extensions ['ignore', 'ignore_ament_install']
[0.239s] Level 1:colcon.colcon_core.package_identification:_identify(.) by extension 'ignore'
[0.240s] Level 1:colcon.colcon_core.package_identification:_identify(.) by extension 'ignore_ament_install'
[0.240s] Level 1:colcon.colcon_core.package_identification:_identify(.) by extensions ['colcon_pkg']
[0.240s] Level 1:colcon.colcon_core.package_identification:_identify(.) by extension 'colcon_pkg'
[0.240s] Level 1:colcon.colcon_core.package_identification:_identify(.) by extensions ['colcon_meta']
[0.240s] Level 1:colcon.colcon_core.package_identification:_identify(.) by extension 'colcon_meta'
[0.240s] Level 1:colcon.colcon_core.package_identification:_identify(.) by extensions ['ros']
[0.240s] Level 1:colcon.colcon_core.package_identification:_identify(.) by extension 'ros'
[0.250s] DEBUG:colcon.colcon_core.package_identification:Package '.' with type 'ros.ament_python' and name 'greenhouse_nav'
[0.250s] Level 1:colcon.colcon_core.package_discovery:discover_packages(recursive) using defaults
[0.250s] Level 1:colcon.colcon_core.package_discovery:discover_packages(ignore) discover
[0.250s] Level 1:colcon.colcon_core.package_discovery:discover_packages(ignore) using defaults
[0.250s] Level 1:colcon.colcon_core.package_discovery:discover_packages(path) discover
[0.250s] Level 1:colcon.colcon_core.package_discovery:discover_packages(path) using defaults
[0.269s] Level 1:colcon.colcon_core.package_discovery:discover_packages(prefix_path) check parameters
[0.269s] Level 1:colcon.colcon_core.package_discovery:discover_packages(prefix_path) discover
[0.270s] Level 1:colcon.colcon_core.package_discovery:discover_packages(prefix_path) using defaults
[0.271s] Level 5:colcon.colcon_core.verb:set package 'greenhouse_nav' build argument 'cmake_args' from command line to 'None'
[0.271s] Level 5:colcon.colcon_core.verb:set package 'greenhouse_nav' build argument 'cmake_target' from command line to 'None'
[0.271s] Level 5:colcon.colcon_core.verb:set package 'greenhouse_nav' build argument 'cmake_target_skip_unavailable' from command line to 'False'
[0.271s] Level 5:colcon.colcon_core.verb:set package 'greenhouse_nav' build argument 'cmake_clean_cache' from command line to 'False'
[0.271s] Level 5:colcon.colcon_core.verb:set package 'greenhouse_nav' build argument 'cmake_clean_first' from command line to 'False'
[0.271s] Level 5:colcon.colcon_core.verb:set package 'greenhouse_nav' build argument 'cmake_force_configure' from command line to 'False'
[0.271s] Level 5:colcon.colcon_core.verb:set package 'greenhouse_nav' build argument 'ament_cmake_args' from command line to 'None'
[0.272s] Level 5:colcon.colcon_core.verb:set package 'greenhouse_nav' build argument 'catkin_cmake_args' from command line to 'None'
[0.272s] Level 5:colcon.colcon_core.verb:set package 'greenhouse_nav' build argument 'catkin_skip_building_tests' from command line to 'False'
[0.272s] DEBUG:colcon.colcon_core.verb:Building package 'greenhouse_nav' with the following arguments: {'ament_cmake_args': None, 'build_base': '/home/monica/repositories/greenhouse-nav/greenhouse_nav/build/greenhouse_nav', 'catkin_cmake_args': None, 'catkin_skip_building_tests': False, 'cmake_args': None, 'cmake_clean_cache': False, 'cmake_clean_first': False, 'cmake_force_configure': False, 'cmake_target': None, 'cmake_target_skip_unavailable': False, 'install_base': '/home/monica/repositories/greenhouse-nav/greenhouse_nav/install/greenhouse_nav', 'merge_install': False, 'path': '/home/monica/repositories/greenhouse-nav/greenhouse_nav', 'symlink_install': True, 'test_result_base': None}
[0.272s] INFO:colcon.colcon_core.executor:Executing jobs using 'parallel' executor
[0.272s] DEBUG:colcon.colcon_parallel_executor.executor.parallel:run_until_complete
[0.273s] INFO:colcon.colcon_ros.task.ament_python.build:Building ROS package in '/home/monica/repositories/greenhouse-nav/greenhouse_nav' with build type 'ament_python'
[0.273s] Level 1:colcon.colcon_core.shell:create_environment_hook('greenhouse_nav', 'ament_prefix_path')
[0.276s] INFO:colcon.colcon_core.plugin_system:Skipping extension 'colcon_core.shell.bat': Not used on non-Windows systems
[0.276s] INFO:colcon.colcon_core.shell:Creating environment hook '/home/monica/repositories/greenhouse-nav/greenhouse_nav/install/greenhouse_nav/share/greenhouse_nav/hook/ament_prefix_path.ps1'
[0.277s] INFO:colcon.colcon_core.shell:Creating environment descriptor '/home/monica/repositories/greenhouse-nav/greenhouse_nav/install/greenhouse_nav/share/greenhouse_nav/hook/ament_prefix_path.dsv'
[0.277s] INFO:colcon.colcon_core.shell:Creating environment hook '/home/monica/repositories/greenhouse-nav/greenhouse_nav/install/greenhouse_nav/share/greenhouse_nav/hook/ament_prefix_path.sh'
[0.278s] INFO:colcon.colcon_core.shell:Skip shell extension 'powershell' for command environment: Not usable outside of PowerShell
[0.278s] DEBUG:colcon.colcon_core.shell:Skip shell extension 'dsv' for command environment
[0.414s] INFO:colcon.colcon_core.task.python.build:Building Python package in '/home/monica/repositories/greenhouse-nav/greenhouse_nav'
[0.415s] INFO:colcon.colcon_core.shell:Skip shell extension 'powershell' for command environment: Not usable outside of PowerShell
[0.415s] DEBUG:colcon.colcon_core.shell:Skip shell extension 'dsv' for command environment
[0.681s] DEBUG:colcon.colcon_core.task.python.build:Available setuptools commands: install_lib, symlink_data, build_clib, bdist_egg, dist_info, build_py, update_catalog, test, bdist, build_scripts, install_data, init_catalog, saveopts, easy_install, bdist_rpm, build, install_scripts, sdist, alias, install_headers, register, setopt, extract_messages, upload_docs, develop, compile_catalog, check, install, rotate, clean, bdist_dumb, upload, egg_info, build_ext, install_egg_info
[0.843s] DEBUG:colcon.colcon_core.task.python.build:Available setuptools 'develop' options: --install-dir, --optimize, --quiet, --uninstall, --no-deps, --upgrade, --multi-version, --help, --site-dirs, --egg-path, --script-dir, --no-find-links, --dry-run, --verbose, --install-layout, --local-snapshots-ok, --prefix, --build-directory, --no-user-cfg, --always-copy, --user, --index-url, --find-links, --always-unzip, --zip-ok, --editable, --version, --exclude-scripts, --allow-hosts, --record, --force-installation-into-system-dir
[0.844s] DEBUG:colcon.colcon_core.event_handler.log_command:Invoking command in '/home/monica/repositories/greenhouse-nav/greenhouse_nav/build/greenhouse_nav': CONDA_PROMPT_MODIFIER=(base) PYTHONPATH=/home/monica/repositories/greenhouse-nav/greenhouse_nav/build/greenhouse_nav/prefix_override:/usr/lib/python3/dist-packages/colcon_core/task/python/colcon_distutils_commands:/home/monica/repositories/greenhouse-nav/greenhouse_nav/install/greenhouse_nav/lib/python3.10/site-packages: /usr/bin/python3 -W ignore:setup.py install is deprecated -W ignore:easy_install command is deprecated setup.py develop --editable --build-directory /home/monica/repositories/greenhouse-nav/greenhouse_nav/build/greenhouse_nav/build --no-deps symlink_data
[1.062s] Level 1:colcon.colcon_core.shell:create_environment_hook('greenhouse_nav', 'pythonpath_develop')
[1.062s] INFO:colcon.colcon_core.shell:Creating environment hook '/home/monica/repositories/greenhouse-nav/greenhouse_nav/build/greenhouse_nav/share/greenhouse_nav/hook/pythonpath_develop.ps1'
[1.062s] DEBUG:colcon.colcon_core.event_handler.log_command:Invoked command in '/home/monica/repositories/greenhouse-nav/greenhouse_nav/build/greenhouse_nav' returned '0': CONDA_PROMPT_MODIFIER=(base) PYTHONPATH=/home/monica/repositories/greenhouse-nav/greenhouse_nav/build/greenhouse_nav/prefix_override:/usr/lib/python3/dist-packages/colcon_core/task/python/colcon_distutils_commands:/home/monica/repositories/greenhouse-nav/greenhouse_nav/install/greenhouse_nav/lib/python3.10/site-packages: /usr/bin/python3 -W ignore:setup.py install is deprecated -W ignore:easy_install command is deprecated setup.py develop --editable --build-directory /home/monica/repositories/greenhouse-nav/greenhouse_nav/build/greenhouse_nav/build --no-deps symlink_data
[1.063s] INFO:colcon.colcon_core.shell:Creating environment descriptor '/home/monica/repositories/greenhouse-nav/greenhouse_nav/build/greenhouse_nav/share/greenhouse_nav/hook/pythonpath_develop.dsv'
[1.063s] INFO:colcon.colcon_core.shell:Creating environment hook '/home/monica/repositories/greenhouse-nav/greenhouse_nav/build/greenhouse_nav/share/greenhouse_nav/hook/pythonpath_develop.sh'
[1.067s] Level 1:colcon.colcon_core.environment:checking '/home/monica/repositories/greenhouse-nav/greenhouse_nav/install/greenhouse_nav' for CMake module files
[1.068s] Level 1:colcon.colcon_core.environment:checking '/home/monica/repositories/greenhouse-nav/greenhouse_nav/install/greenhouse_nav' for CMake config files
[1.068s] Level 1:colcon.colcon_core.environment:checking '/home/monica/repositories/greenhouse-nav/greenhouse_nav/install/greenhouse_nav/lib'
[1.068s] Level 1:colcon.colcon_core.environment:checking '/home/monica/repositories/greenhouse-nav/greenhouse_nav/install/greenhouse_nav/bin'
[1.068s] Level 1:colcon.colcon_core.environment:checking '/home/monica/repositories/greenhouse-nav/greenhouse_nav/install/greenhouse_nav/lib/pkgconfig/greenhouse_nav.pc'
[1.068s] Level 1:colcon.colcon_core.environment:checking '/home/monica/repositories/greenhouse-nav/greenhouse_nav/install/greenhouse_nav/lib/python3.10/site-packages'
[1.068s] Level 1:colcon.colcon_core.shell:create_environment_hook('greenhouse_nav', 'pythonpath')
[1.069s] INFO:colcon.colcon_core.shell:Creating environment hook '/home/monica/repositories/greenhouse-nav/greenhouse_nav/install/greenhouse_nav/share/greenhouse_nav/hook/pythonpath.ps1'
[1.069s] INFO:colcon.colcon_core.shell:Creating environment descriptor '/home/monica/repositories/greenhouse-nav/greenhouse_nav/install/greenhouse_nav/share/greenhouse_nav/hook/pythonpath.dsv'
[1.069s] INFO:colcon.colcon_core.shell:Creating environment hook '/home/monica/repositories/greenhouse-nav/greenhouse_nav/install/greenhouse_nav/share/greenhouse_nav/hook/pythonpath.sh'
[1.070s] Level 1:colcon.colcon_core.environment:checking '/home/monica/repositories/greenhouse-nav/greenhouse_nav/install/greenhouse_nav/bin'
[1.070s] Level 1:colcon.colcon_core.environment:create_environment_scripts_only(greenhouse_nav)
[1.070s] INFO:colcon.colcon_core.shell:Creating package script '/home/monica/repositories/greenhouse-nav/greenhouse_nav/install/greenhouse_nav/share/greenhouse_nav/package.ps1'
[1.071s] INFO:colcon.colcon_core.shell:Creating package descriptor '/home/monica/repositories/greenhouse-nav/greenhouse_nav/install/greenhouse_nav/share/greenhouse_nav/package.dsv'
[1.071s] INFO:colcon.colcon_core.shell:Creating package script '/home/monica/repositories/greenhouse-nav/greenhouse_nav/install/greenhouse_nav/share/greenhouse_nav/package.sh'
[1.072s] INFO:colcon.colcon_core.shell:Creating package script '/home/monica/repositories/greenhouse-nav/greenhouse_nav/install/greenhouse_nav/share/greenhouse_nav/package.bash'
[1.073s] INFO:colcon.colcon_core.shell:Creating package script '/home/monica/repositories/greenhouse-nav/greenhouse_nav/install/greenhouse_nav/share/greenhouse_nav/package.zsh'
[1.073s] Level 1:colcon.colcon_core.environment:create_file_with_runtime_dependencies(/home/monica/repositories/greenhouse-nav/greenhouse_nav/install/greenhouse_nav/share/colcon-core/packages/greenhouse_nav)
[1.074s] DEBUG:colcon.colcon_parallel_executor.executor.parallel:closing loop
[1.074s] DEBUG:colcon.colcon_parallel_executor.executor.parallel:loop closed
[1.074s] DEBUG:colcon.colcon_parallel_executor.executor.parallel:run_until_complete finished with '0'
[1.074s] DEBUG:colcon.colcon_core.event_reactor:joining thread
[1.078s] INFO:colcon.colcon_core.plugin_system:Skipping extension 'colcon_notification.desktop_notification.terminal_notifier': Not used on non-Darwin systems
[1.078s] INFO:colcon.colcon_core.plugin_system:Skipping extension 'colcon_notification.desktop_notification.win32': Not used on non-Windows systems
[1.078s] INFO:colcon.colcon_notification.desktop_notification:Sending desktop notification using 'notify2'
[1.088s] DEBUG:colcon.colcon_core.event_reactor:joined thread
[1.089s] INFO:colcon.colcon_core.shell:Creating prefix script '/home/monica/repositories/greenhouse-nav/greenhouse_nav/install/local_setup.ps1'
[1.090s] INFO:colcon.colcon_core.shell:Creating prefix util module '/home/monica/repositories/greenhouse-nav/greenhouse_nav/install/_local_setup_util_ps1.py'
[1.091s] INFO:colcon.colcon_core.shell:Creating prefix chain script '/home/monica/repositories/greenhouse-nav/greenhouse_nav/install/setup.ps1'
[1.092s] INFO:colcon.colcon_core.shell:Creating prefix script '/home/monica/repositories/greenhouse-nav/greenhouse_nav/install/local_setup.sh'
[1.092s] INFO:colcon.colcon_core.shell:Creating prefix util module '/home/monica/repositories/greenhouse-nav/greenhouse_nav/install/_local_setup_util_sh.py'
[1.092s] INFO:colcon.colcon_core.shell:Creating prefix chain script '/home/monica/repositories/greenhouse-nav/greenhouse_nav/install/setup.sh'
[1.093s] INFO:colcon.colcon_core.shell:Creating prefix script '/home/monica/repositories/greenhouse-nav/greenhouse_nav/install/local_setup.bash'
[1.094s] INFO:colcon.colcon_core.shell:Creating prefix chain script '/home/monica/repositories/greenhouse-nav/greenhouse_nav/install/setup.bash'
[1.094s] INFO:colcon.colcon_core.shell:Creating prefix script '/home/monica/repositories/greenhouse-nav/greenhouse_nav/install/local_setup.zsh'
[1.095s] INFO:colcon.colcon_core.shell:Creating prefix chain script '/home/monica/repositories/greenhouse-nav/greenhouse_nav/install/setup.zsh'
