[0.085s] DEBUG:colcon:Command line arguments: ['/usr/bin/colcon', 'build', '--symlink-install']
[0.085s] DEBUG:colcon:Parsed command line arguments: Namespace(log_base=None, log_level=None, verb_name='build', build_base='build', install_base='install', merge_install=False, symlink_install=True, test_result_base=None, continue_on_error=False, executor='parallel', parallel_workers=16, event_handlers=None, ignore_user_meta=False, metas=['./colcon.meta'], base_paths=['.'], packages_ignore=None, packages_ignore_regex=None, paths=None, packages_up_to=None, packages_up_to_regex=None, packages_above=None, packages_above_and_dependencies=None, packages_above_depth=None, packages_select_by_dep=None, packages_skip_by_dep=None, packages_skip_up_to=None, packages_select_build_failed=False, packages_skip_build_finished=False, packages_select_test_failures=False, packages_skip_test_passed=False, packages_select=None, packages_skip=None, packages_select_regex=None, packages_skip_regex=None, packages_start=None, packages_end=None, allow_overriding=[], cmake_args=None, cmake_target=None, cmake_target_skip_unavailable=False, cmake_clean_cache=False, cmake_clean_first=False, cmake_force_configure=False, ament_cmake_args=None, catkin_cmake_args=None, catkin_skip_building_tests=False, verb_parser=<colcon_defaults.argument_parser.defaults.DefaultArgumentsDecorator object at 0x7900f8758790>, verb_extension=<colcon_core.verb.build.BuildVerb object at 0x7900f885df30>, main=<bound method BuildVerb.main of <colcon_core.verb.build.BuildVerb object at 0x7900f885df30>>)
[0.217s] Level 1:colcon.colcon_core.package_discovery:discover_packages(colcon_meta) check parameters
[0.217s] Level 1:colcon.colcon_core.package_discovery:discover_packages(recursive) check parameters
[0.217s] Level 1:colcon.colcon_core.package_discovery:discover_packages(ignore) check parameters
[0.217s] Level 1:colcon.colcon_core.package_discovery:discover_packages(path) check parameters
[0.217s] Level 1:colcon.colcon_core.package_discovery:discover_packages(colcon_meta) discover
[0.217s] Level 1:colcon.colcon_core.package_discovery:discover_packages(recursive) discover
[0.218s] INFO:colcon.colcon_core.package_discovery:Crawling recursively for packages in '/home/monica/repositories/greenhouse-nav/greenhouse_nav'
[0.218s] Level 1:colcon.colcon_core.package_identification:_identify(.) by extensions ['ignore', 'ignore_ament_install']
[0.218s] Level 1:colcon.colcon_core.package_identification:_identify(.) by extension 'ignore'
[0.218s] Level 1:colcon.colcon_core.package_identification:_identify(.) by extension 'ignore_ament_install'
[0.218s] Level 1:colcon.colcon_core.package_identification:_identify(.) by extensions ['colcon_pkg']
[0.218s] Level 1:colcon.colcon_core.package_identification:_identify(.) by extension 'colcon_pkg'
[0.218s] Level 1:colcon.colcon_core.package_identification:_identify(.) by extensions ['colcon_meta']
[0.218s] Level 1:colcon.colcon_core.package_identification:_identify(.) by extension 'colcon_meta'
[0.218s] Level 1:colcon.colcon_core.package_identification:_identify(.) by extensions ['ros']
[0.218s] Level 1:colcon.colcon_core.package_identification:_identify(.) by extension 'ros'
[0.228s] DEBUG:colcon.colcon_core.package_identification:Package '.' with type 'ros.ament_python' and name 'greenhouse_nav'
[0.228s] Level 1:colcon.colcon_core.package_discovery:discover_packages(recursive) using defaults
[0.228s] Level 1:colcon.colcon_core.package_discovery:discover_packages(ignore) discover
[0.228s] Level 1:colcon.colcon_core.package_discovery:discover_packages(ignore) using defaults
[0.228s] Level 1:colcon.colcon_core.package_discovery:discover_packages(path) discover
[0.228s] Level 1:colcon.colcon_core.package_discovery:discover_packages(path) using defaults
[0.245s] Level 1:colcon.colcon_core.package_discovery:discover_packages(prefix_path) check parameters
[0.245s] Level 1:colcon.colcon_core.package_discovery:discover_packages(prefix_path) discover
[0.246s] DEBUG:colcon.colcon_installed_package_information.package_discovery:Found 1 installed packages in /home/monica/repositories/greenhouse-nav/greenhouse_nav/install
[0.248s] DEBUG:colcon.colcon_installed_package_information.package_discovery:Found 440 installed packages in /opt/ros/humble
[0.260s] Level 1:colcon.colcon_core.package_discovery:discover_packages(prefix_path) using defaults
[0.303s] Level 5:colcon.colcon_core.verb:set package 'greenhouse_nav' build argument 'cmake_args' from command line to 'None'
[0.303s] Level 5:colcon.colcon_core.verb:set package 'greenhouse_nav' build argument 'cmake_target' from command line to 'None'
[0.303s] Level 5:colcon.colcon_core.verb:set package 'greenhouse_nav' build argument 'cmake_target_skip_unavailable' from command line to 'False'
[0.303s] Level 5:colcon.colcon_core.verb:set package 'greenhouse_nav' build argument 'cmake_clean_cache' from command line to 'False'
[0.303s] Level 5:colcon.colcon_core.verb:set package 'greenhouse_nav' build argument 'cmake_clean_first' from command line to 'False'
[0.303s] Level 5:colcon.colcon_core.verb:set package 'greenhouse_nav' build argument 'cmake_force_configure' from command line to 'False'
[0.303s] Level 5:colcon.colcon_core.verb:set package 'greenhouse_nav' build argument 'ament_cmake_args' from command line to 'None'
[0.303s] Level 5:colcon.colcon_core.verb:set package 'greenhouse_nav' build argument 'catkin_cmake_args' from command line to 'None'
[0.303s] Level 5:colcon.colcon_core.verb:set package 'greenhouse_nav' build argument 'catkin_skip_building_tests' from command line to 'False'
[0.303s] DEBUG:colcon.colcon_core.verb:Building package 'greenhouse_nav' with the following arguments: {'ament_cmake_args': None, 'build_base': '/home/monica/repositories/greenhouse-nav/greenhouse_nav/build/greenhouse_nav', 'catkin_cmake_args': None, 'catkin_skip_building_tests': False, 'cmake_args': None, 'cmake_clean_cache': False, 'cmake_clean_first': False, 'cmake_force_configure': False, 'cmake_target': None, 'cmake_target_skip_unavailable': False, 'install_base': '/home/monica/repositories/greenhouse-nav/greenhouse_nav/install/greenhouse_nav', 'merge_install': False, 'path': '/home/monica/repositories/greenhouse-nav/greenhouse_nav', 'symlink_install': True, 'test_result_base': None}
[0.303s] INFO:colcon.colcon_core.executor:Executing jobs using 'parallel' executor
[0.304s] DEBUG:colcon.colcon_parallel_executor.executor.parallel:run_until_complete
[0.304s] INFO:colcon.colcon_ros.task.ament_python.build:Building ROS package in '/home/monica/repositories/greenhouse-nav/greenhouse_nav' with build type 'ament_python'
[0.305s] Level 1:colcon.colcon_core.shell:create_environment_hook('greenhouse_nav', 'ament_prefix_path')
[0.307s] INFO:colcon.colcon_core.plugin_system:Skipping extension 'colcon_core.shell.bat': Not used on non-Windows systems
[0.307s] INFO:colcon.colcon_core.shell:Creating environment hook '/home/monica/repositories/greenhouse-nav/greenhouse_nav/install/greenhouse_nav/share/greenhouse_nav/hook/ament_prefix_path.ps1'
[0.307s] INFO:colcon.colcon_core.shell:Creating environment descriptor '/home/monica/repositories/greenhouse-nav/greenhouse_nav/install/greenhouse_nav/share/greenhouse_nav/hook/ament_prefix_path.dsv'
[0.308s] INFO:colcon.colcon_core.shell:Creating environment hook '/home/monica/repositories/greenhouse-nav/greenhouse_nav/install/greenhouse_nav/share/greenhouse_nav/hook/ament_prefix_path.sh'
[0.308s] INFO:colcon.colcon_core.shell:Skip shell extension 'powershell' for command environment: Not usable outside of PowerShell
[0.308s] DEBUG:colcon.colcon_core.shell:Skip shell extension 'dsv' for command environment
[0.506s] INFO:colcon.colcon_core.task.python.build:Building Python package in '/home/monica/repositories/greenhouse-nav/greenhouse_nav'
[0.506s] INFO:colcon.colcon_core.shell:Skip shell extension 'powershell' for command environment: Not usable outside of PowerShell
[0.506s] DEBUG:colcon.colcon_core.shell:Skip shell extension 'dsv' for command environment
[0.780s] DEBUG:colcon.colcon_core.task.python.build:Available setuptools commands: install, upload, clean, bdist_egg, bdist_dumb, install_lib, symlink_data, dist_info, setopt, register, bdist_rpm, saveopts, easy_install, install_scripts, test, compile_catalog, build, build_clib, rotate, check, update_catalog, upload_docs, install_data, build_ext, sdist, alias, build_py, build_scripts, egg_info, install_egg_info, extract_messages, bdist, develop, install_headers, init_catalog
[0.987s] DEBUG:colcon.colcon_core.task.python.build:Available setuptools 'develop' options: --install-dir, --prefix, --site-dirs, --always-copy, --no-user-cfg, --egg-path, --force-installation-into-system-dir, --build-directory, --script-dir, --install-layout, --version, --upgrade, --no-deps, --quiet, --user, --exclude-scripts, --zip-ok, --uninstall, --record, --local-snapshots-ok, --multi-version, --dry-run, --no-find-links, --editable, --find-links, --verbose, --help, --optimize, --allow-hosts, --always-unzip, --index-url
[0.990s] DEBUG:colcon.colcon_core.event_handler.log_command:Invoking command in '/home/monica/repositories/greenhouse-nav/greenhouse_nav/build/greenhouse_nav': PYTHONPATH=/home/monica/repositories/greenhouse-nav/greenhouse_nav/build/greenhouse_nav/prefix_override:/usr/lib/python3/dist-packages/colcon_core/task/python/colcon_distutils_commands:/home/monica/repositories/greenhouse-nav/greenhouse_nav/install/greenhouse_nav/lib/python3.10/site-packages:${PYTHONPATH} /usr/bin/python3 -W ignore:setup.py install is deprecated -W ignore:easy_install command is deprecated setup.py develop --editable --build-directory /home/monica/repositories/greenhouse-nav/greenhouse_nav/build/greenhouse_nav/build --no-deps symlink_data
[1.331s] Level 1:colcon.colcon_core.shell:create_environment_hook('greenhouse_nav', 'pythonpath_develop')
[1.331s] INFO:colcon.colcon_core.shell:Creating environment hook '/home/monica/repositories/greenhouse-nav/greenhouse_nav/build/greenhouse_nav/share/greenhouse_nav/hook/pythonpath_develop.ps1'
[1.331s] DEBUG:colcon.colcon_core.event_handler.log_command:Invoked command in '/home/monica/repositories/greenhouse-nav/greenhouse_nav/build/greenhouse_nav' returned '0': PYTHONPATH=/home/monica/repositories/greenhouse-nav/greenhouse_nav/build/greenhouse_nav/prefix_override:/usr/lib/python3/dist-packages/colcon_core/task/python/colcon_distutils_commands:/home/monica/repositories/greenhouse-nav/greenhouse_nav/install/greenhouse_nav/lib/python3.10/site-packages:${PYTHONPATH} /usr/bin/python3 -W ignore:setup.py install is deprecated -W ignore:easy_install command is deprecated setup.py develop --editable --build-directory /home/monica/repositories/greenhouse-nav/greenhouse_nav/build/greenhouse_nav/build --no-deps symlink_data
[1.332s] INFO:colcon.colcon_core.shell:Creating environment descriptor '/home/monica/repositories/greenhouse-nav/greenhouse_nav/build/greenhouse_nav/share/greenhouse_nav/hook/pythonpath_develop.dsv'
[1.332s] INFO:colcon.colcon_core.shell:Creating environment hook '/home/monica/repositories/greenhouse-nav/greenhouse_nav/build/greenhouse_nav/share/greenhouse_nav/hook/pythonpath_develop.sh'
[1.334s] Level 1:colcon.colcon_core.environment:checking '/home/monica/repositories/greenhouse-nav/greenhouse_nav/install/greenhouse_nav' for CMake module files
[1.335s] Level 1:colcon.colcon_core.environment:checking '/home/monica/repositories/greenhouse-nav/greenhouse_nav/install/greenhouse_nav' for CMake config files
[1.335s] Level 1:colcon.colcon_core.environment:checking '/home/monica/repositories/greenhouse-nav/greenhouse_nav/install/greenhouse_nav/lib'
[1.335s] Level 1:colcon.colcon_core.environment:checking '/home/monica/repositories/greenhouse-nav/greenhouse_nav/install/greenhouse_nav/bin'
[1.335s] Level 1:colcon.colcon_core.environment:checking '/home/monica/repositories/greenhouse-nav/greenhouse_nav/install/greenhouse_nav/lib/pkgconfig/greenhouse_nav.pc'
[1.336s] Level 1:colcon.colcon_core.environment:checking '/home/monica/repositories/greenhouse-nav/greenhouse_nav/install/greenhouse_nav/lib/python3.10/site-packages'
[1.336s] Level 1:colcon.colcon_core.shell:create_environment_hook('greenhouse_nav', 'pythonpath')
[1.336s] INFO:colcon.colcon_core.shell:Creating environment hook '/home/monica/repositories/greenhouse-nav/greenhouse_nav/install/greenhouse_nav/share/greenhouse_nav/hook/pythonpath.ps1'
[1.336s] INFO:colcon.colcon_core.shell:Creating environment descriptor '/home/monica/repositories/greenhouse-nav/greenhouse_nav/install/greenhouse_nav/share/greenhouse_nav/hook/pythonpath.dsv'
[1.336s] INFO:colcon.colcon_core.shell:Creating environment hook '/home/monica/repositories/greenhouse-nav/greenhouse_nav/install/greenhouse_nav/share/greenhouse_nav/hook/pythonpath.sh'
[1.337s] Level 1:colcon.colcon_core.environment:checking '/home/monica/repositories/greenhouse-nav/greenhouse_nav/install/greenhouse_nav/bin'
[1.337s] Level 1:colcon.colcon_core.environment:create_environment_scripts_only(greenhouse_nav)
[1.337s] INFO:colcon.colcon_core.shell:Creating package script '/home/monica/repositories/greenhouse-nav/greenhouse_nav/install/greenhouse_nav/share/greenhouse_nav/package.ps1'
[1.338s] INFO:colcon.colcon_core.shell:Creating package descriptor '/home/monica/repositories/greenhouse-nav/greenhouse_nav/install/greenhouse_nav/share/greenhouse_nav/package.dsv'
[1.339s] INFO:colcon.colcon_core.shell:Creating package script '/home/monica/repositories/greenhouse-nav/greenhouse_nav/install/greenhouse_nav/share/greenhouse_nav/package.sh'
[1.339s] INFO:colcon.colcon_core.shell:Creating package script '/home/monica/repositories/greenhouse-nav/greenhouse_nav/install/greenhouse_nav/share/greenhouse_nav/package.bash'
[1.340s] INFO:colcon.colcon_core.shell:Creating package script '/home/monica/repositories/greenhouse-nav/greenhouse_nav/install/greenhouse_nav/share/greenhouse_nav/package.zsh'
[1.340s] Level 1:colcon.colcon_core.environment:create_file_with_runtime_dependencies(/home/monica/repositories/greenhouse-nav/greenhouse_nav/install/greenhouse_nav/share/colcon-core/packages/greenhouse_nav)
[1.341s] DEBUG:colcon.colcon_parallel_executor.executor.parallel:closing loop
[1.341s] DEBUG:colcon.colcon_parallel_executor.executor.parallel:loop closed
[1.341s] DEBUG:colcon.colcon_parallel_executor.executor.parallel:run_until_complete finished with '0'
[1.341s] DEBUG:colcon.colcon_core.event_reactor:joining thread
[1.346s] INFO:colcon.colcon_core.plugin_system:Skipping extension 'colcon_notification.desktop_notification.terminal_notifier': Not used on non-Darwin systems
[1.346s] INFO:colcon.colcon_core.plugin_system:Skipping extension 'colcon_notification.desktop_notification.win32': Not used on non-Windows systems
[1.346s] INFO:colcon.colcon_notification.desktop_notification:Sending desktop notification using 'notify2'
[1.355s] DEBUG:colcon.colcon_core.event_reactor:joined thread
[1.355s] INFO:colcon.colcon_core.shell:Creating prefix script '/home/monica/repositories/greenhouse-nav/greenhouse_nav/install/local_setup.ps1'
[1.356s] INFO:colcon.colcon_core.shell:Creating prefix util module '/home/monica/repositories/greenhouse-nav/greenhouse_nav/install/_local_setup_util_ps1.py'
[1.357s] INFO:colcon.colcon_core.shell:Creating prefix chain script '/home/monica/repositories/greenhouse-nav/greenhouse_nav/install/setup.ps1'
[1.358s] INFO:colcon.colcon_core.shell:Creating prefix script '/home/monica/repositories/greenhouse-nav/greenhouse_nav/install/local_setup.sh'
[1.358s] INFO:colcon.colcon_core.shell:Creating prefix util module '/home/monica/repositories/greenhouse-nav/greenhouse_nav/install/_local_setup_util_sh.py'
[1.359s] INFO:colcon.colcon_core.shell:Creating prefix chain script '/home/monica/repositories/greenhouse-nav/greenhouse_nav/install/setup.sh'
[1.360s] INFO:colcon.colcon_core.shell:Creating prefix script '/home/monica/repositories/greenhouse-nav/greenhouse_nav/install/local_setup.bash'
[1.360s] INFO:colcon.colcon_core.shell:Creating prefix chain script '/home/monica/repositories/greenhouse-nav/greenhouse_nav/install/setup.bash'
[1.361s] INFO:colcon.colcon_core.shell:Creating prefix script '/home/monica/repositories/greenhouse-nav/greenhouse_nav/install/local_setup.zsh'
[1.361s] INFO:colcon.colcon_core.shell:Creating prefix chain script '/home/monica/repositories/greenhouse-nav/greenhouse_nav/install/setup.zsh'
