running develop
running egg_info
creating greenhouse_nav.egg-info
writing greenhouse_nav.egg-info/PKG-INFO
writing dependency_links to greenhouse_nav.egg-info/dependency_links.txt
writing entry points to greenhouse_nav.egg-info/entry_points.txt
writing requirements to greenhouse_nav.egg-info/requires.txt
writing top-level names to greenhouse_nav.egg-info/top_level.txt
writing manifest file 'greenhouse_nav.egg-info/SOURCES.txt'
reading manifest file 'greenhouse_nav.egg-info/SOURCES.txt'
writing manifest file 'greenhouse_nav.egg-info/SOURCES.txt'
running build_ext
Creating /home/monica/repositories/greenhouse-nav/greenhouse_nav/install/greenhouse_nav/lib/python3.10/site-packages/greenhouse-nav.egg-link (link to .)
Installing mission_node script to /home/monica/repositories/greenhouse-nav/greenhouse_nav/install/greenhouse_nav/lib/greenhouse_nav

Installed /home/monica/repositories/greenhouse-nav/greenhouse_nav/build/greenhouse_nav
running symlink_data
creating /home/monica/repositories/greenhouse-nav/greenhouse_nav/install/greenhouse_nav/share/ament_index
creating /home/monica/repositories/greenhouse-nav/greenhouse_nav/install/greenhouse_nav/share/ament_index/resource_index
creating /home/monica/repositories/greenhouse-nav/greenhouse_nav/install/greenhouse_nav/share/ament_index/resource_index/packages
symbolically linking /home/monica/repositories/greenhouse-nav/greenhouse_nav/build/greenhouse_nav/resource/greenhouse_nav -> /home/monica/repositories/greenhouse-nav/greenhouse_nav/install/greenhouse_nav/share/ament_index/resource_index/packages
symbolically linking /home/monica/repositories/greenhouse-nav/greenhouse_nav/build/greenhouse_nav/package.xml -> /home/monica/repositories/greenhouse-nav/greenhouse_nav/install/greenhouse_nav/share/greenhouse_nav
creating /home/monica/repositories/greenhouse-nav/greenhouse_nav/install/greenhouse_nav/share/greenhouse_nav/launch
symbolically linking /home/monica/repositories/greenhouse-nav/greenhouse_nav/build/greenhouse_nav/launch/greenhouse.launch.py -> /home/monica/repositories/greenhouse-nav/greenhouse_nav/install/greenhouse_nav/share/greenhouse_nav/launch
creating /home/monica/repositories/greenhouse-nav/greenhouse_nav/install/greenhouse_nav/share/greenhouse_nav/worlds
symbolically linking /home/monica/repositories/greenhouse-nav/greenhouse_nav/build/greenhouse_nav/worlds/greenhouse.world -> /home/monica/repositories/greenhouse-nav/greenhouse_nav/install/greenhouse_nav/share/greenhouse_nav/worlds
creating /home/monica/repositories/greenhouse-nav/greenhouse_nav/install/greenhouse_nav/share/greenhouse_nav/config
symbolically linking /home/monica/repositories/greenhouse-nav/greenhouse_nav/build/greenhouse_nav/config/nav2_params.yaml -> /home/monica/repositories/greenhouse-nav/greenhouse_nav/install/greenhouse_nav/share/greenhouse_nav/config
creating /home/monica/repositories/greenhouse-nav/greenhouse_nav/install/greenhouse_nav/share/greenhouse_nav/maps
