[0.740s] Invoking command in '/home/monica/repositories/greenhouse-nav/greenhouse_nav/build/greenhouse_nav': CONDA_PROMPT_MODIFIER=(base) PYTHONPATH=/home/monica/repositories/greenhouse-nav/greenhouse_nav/build/greenhouse_nav/prefix_override:/usr/lib/python3/dist-packages/colcon_core/task/python/colcon_distutils_commands:/home/monica/repositories/greenhouse-nav/greenhouse_nav/install/greenhouse_nav/lib/python3.10/site-packages:${PYTHONPATH} /usr/bin/python3 -W ignore:setup.py install is deprecated -W ignore:easy_install command is deprecated setup.py develop --editable --build-directory /home/monica/repositories/greenhouse-nav/greenhouse_nav/build/greenhouse_nav/build --no-deps symlink_data
[0.937s] running develop
[1.060s] running egg_info
[1.060s] creating greenhouse_nav.egg-info
[1.060s] writing greenhouse_nav.egg-info/PKG-INFO
[1.061s] writing dependency_links to greenhouse_nav.egg-info/dependency_links.txt
[1.061s] writing entry points to greenhouse_nav.egg-info/entry_points.txt
[1.061s] writing requirements to greenhouse_nav.egg-info/requires.txt
[1.061s] writing top-level names to greenhouse_nav.egg-info/top_level.txt
[1.061s] writing manifest file 'greenhouse_nav.egg-info/SOURCES.txt'
[1.062s] reading manifest file 'greenhouse_nav.egg-info/SOURCES.txt'
[1.063s] writing manifest file 'greenhouse_nav.egg-info/SOURCES.txt'
[1.063s] running build_ext
[1.064s] Creating /home/monica/repositories/greenhouse-nav/greenhouse_nav/install/greenhouse_nav/lib/python3.10/site-packages/greenhouse-nav.egg-link (link to .)
[1.064s] Installing mission_node script to /home/monica/repositories/greenhouse-nav/greenhouse_nav/install/greenhouse_nav/lib/greenhouse_nav
[1.064s] 
[1.064s] Installed /home/monica/repositories/greenhouse-nav/greenhouse_nav/build/greenhouse_nav
[1.064s] running symlink_data
[1.064s] creating /home/monica/repositories/greenhouse-nav/greenhouse_nav/install/greenhouse_nav/share/ament_index
[1.065s] creating /home/monica/repositories/greenhouse-nav/greenhouse_nav/install/greenhouse_nav/share/ament_index/resource_index
[1.065s] creating /home/monica/repositories/greenhouse-nav/greenhouse_nav/install/greenhouse_nav/share/ament_index/resource_index/packages
[1.065s] symbolically linking /home/monica/repositories/greenhouse-nav/greenhouse_nav/build/greenhouse_nav/resource/greenhouse_nav -> /home/monica/repositories/greenhouse-nav/greenhouse_nav/install/greenhouse_nav/share/ament_index/resource_index/packages
[1.065s] symbolically linking /home/monica/repositories/greenhouse-nav/greenhouse_nav/build/greenhouse_nav/package.xml -> /home/monica/repositories/greenhouse-nav/greenhouse_nav/install/greenhouse_nav/share/greenhouse_nav
[1.065s] creating /home/monica/repositories/greenhouse-nav/greenhouse_nav/install/greenhouse_nav/share/greenhouse_nav/launch
[1.065s] symbolically linking /home/monica/repositories/greenhouse-nav/greenhouse_nav/build/greenhouse_nav/launch/greenhouse.launch.py -> /home/monica/repositories/greenhouse-nav/greenhouse_nav/install/greenhouse_nav/share/greenhouse_nav/launch
[1.065s] creating /home/monica/repositories/greenhouse-nav/greenhouse_nav/install/greenhouse_nav/share/greenhouse_nav/worlds
[1.065s] symbolically linking /home/monica/repositories/greenhouse-nav/greenhouse_nav/build/greenhouse_nav/worlds/greenhouse.world -> /home/monica/repositories/greenhouse-nav/greenhouse_nav/install/greenhouse_nav/share/greenhouse_nav/worlds
[1.065s] creating /home/monica/repositories/greenhouse-nav/greenhouse_nav/install/greenhouse_nav/share/greenhouse_nav/config
[1.065s] symbolically linking /home/monica/repositories/greenhouse-nav/greenhouse_nav/build/greenhouse_nav/config/nav2_params.yaml -> /home/monica/repositories/greenhouse-nav/greenhouse_nav/install/greenhouse_nav/share/greenhouse_nav/config
[1.065s] creating /home/monica/repositories/greenhouse-nav/greenhouse_nav/install/greenhouse_nav/share/greenhouse_nav/maps
[1.085s] Invoked command in '/home/monica/repositories/greenhouse-nav/greenhouse_nav/build/greenhouse_nav' returned '0': CONDA_PROMPT_MODIFIER=(base) PYTHONPATH=/home/monica/repositories/greenhouse-nav/greenhouse_nav/build/greenhouse_nav/prefix_override:/usr/lib/python3/dist-packages/colcon_core/task/python/colcon_distutils_commands:/home/monica/repositories/greenhouse-nav/greenhouse_nav/install/greenhouse_nav/lib/python3.10/site-packages:${PYTHONPATH} /usr/bin/python3 -W ignore:setup.py install is deprecated -W ignore:easy_install command is deprecated setup.py develop --editable --build-directory /home/monica/repositories/greenhouse-nav/greenhouse_nav/build/greenhouse_nav/build --no-deps symlink_data
