[0.077s] DEBUG:colcon:Command line arguments: ['/usr/bin/colcon', 'build', '--symlink-install']
[0.077s] DEBUG:colcon:Parsed command line arguments: Namespace(log_base=None, log_level=None, verb_name='build', build_base='build', install_base='install', merge_install=False, symlink_install=True, test_result_base=None, continue_on_error=False, executor='parallel', parallel_workers=16, event_handlers=None, ignore_user_meta=False, metas=['./colcon.meta'], base_paths=['.'], packages_ignore=None, packages_ignore_regex=None, paths=None, packages_up_to=None, packages_up_to_regex=None, packages_above=None, packages_above_and_dependencies=None, packages_above_depth=None, packages_select_by_dep=None, packages_skip_by_dep=None, packages_skip_up_to=None, packages_select_build_failed=False, packages_skip_build_finished=False, packages_select_test_failures=False, packages_skip_test_passed=False, packages_select=None, packages_skip=None, packages_select_regex=None, packages_skip_regex=None, packages_start=None, packages_end=None, allow_overriding=[], cmake_args=None, cmake_target=None, cmake_target_skip_unavailable=False, cmake_clean_cache=False, cmake_clean_first=False, cmake_force_configure=False, ament_cmake_args=None, catkin_cmake_args=None, catkin_skip_building_tests=False, verb_parser=<colcon_defaults.argument_parser.defaults.DefaultArgumentsDecorator object at 0x7f630ab20790>, verb_extension=<colcon_core.verb.build.BuildVerb object at 0x7f630ac61f30>, main=<bound method BuildVerb.main of <colcon_core.verb.build.BuildVerb object at 0x7f630ac61f30>>)
[0.207s] Level 1:colcon.colcon_core.package_discovery:discover_packages(colcon_meta) check parameters
[0.207s] Level 1:colcon.colcon_core.package_discovery:discover_packages(recursive) check parameters
[0.207s] Level 1:colcon.colcon_core.package_discovery:discover_packages(ignore) check parameters
[0.207s] Level 1:colcon.colcon_core.package_discovery:discover_packages(path) check parameters
[0.207s] Level 1:colcon.colcon_core.package_discovery:discover_packages(colcon_meta) discover
[0.207s] Level 1:colcon.colcon_core.package_discovery:discover_packages(recursive) discover
[0.207s] INFO:colcon.colcon_core.package_discovery:Crawling recursively for packages in '/home/monica/repositories/greenhouse-nav/greenhouse_nav'
[0.207s] Level 1:colcon.colcon_core.package_identification:_identify(.) by extensions ['ignore', 'ignore_ament_install']
[0.207s] Level 1:colcon.colcon_core.package_identification:_identify(.) by extension 'ignore'
[0.207s] Level 1:colcon.colcon_core.package_identification:_identify(.) by extension 'ignore_ament_install'
[0.207s] Level 1:colcon.colcon_core.package_identification:_identify(.) by extensions ['colcon_pkg']
[0.208s] Level 1:colcon.colcon_core.package_identification:_identify(.) by extension 'colcon_pkg'
[0.208s] Level 1:colcon.colcon_core.package_identification:_identify(.) by extensions ['colcon_meta']
[0.208s] Level 1:colcon.colcon_core.package_identification:_identify(.) by extension 'colcon_meta'
[0.208s] Level 1:colcon.colcon_core.package_identification:_identify(.) by extensions ['ros']
[0.208s] Level 1:colcon.colcon_core.package_identification:_identify(.) by extension 'ros'
[0.219s] DEBUG:colcon.colcon_core.package_identification:Package '.' with type 'ros.ament_python' and name 'greenhouse_nav'
[0.219s] Level 1:colcon.colcon_core.package_discovery:discover_packages(recursive) using defaults
[0.219s] Level 1:colcon.colcon_core.package_discovery:discover_packages(ignore) discover
[0.219s] Level 1:colcon.colcon_core.package_discovery:discover_packages(ignore) using defaults
[0.219s] Level 1:colcon.colcon_core.package_discovery:discover_packages(path) discover
[0.219s] Level 1:colcon.colcon_core.package_discovery:discover_packages(path) using defaults
[0.234s] Level 1:colcon.colcon_core.package_discovery:discover_packages(prefix_path) check parameters
[0.234s] Level 1:colcon.colcon_core.package_discovery:discover_packages(prefix_path) discover
[0.235s] DEBUG:colcon.colcon_installed_package_information.package_discovery:Found 1 installed packages in /home/monica/repositories/greenhouse-nav/greenhouse_nav/install
[0.237s] DEBUG:colcon.colcon_installed_package_information.package_discovery:Found 440 installed packages in /opt/ros/humble
[0.246s] Level 1:colcon.colcon_core.package_discovery:discover_packages(prefix_path) using defaults
[0.287s] Level 5:colcon.colcon_core.verb:set package 'greenhouse_nav' build argument 'cmake_args' from command line to 'None'
[0.287s] Level 5:colcon.colcon_core.verb:set package 'greenhouse_nav' build argument 'cmake_target' from command line to 'None'
[0.287s] Level 5:colcon.colcon_core.verb:set package 'greenhouse_nav' build argument 'cmake_target_skip_unavailable' from command line to 'False'
[0.287s] Level 5:colcon.colcon_core.verb:set package 'greenhouse_nav' build argument 'cmake_clean_cache' from command line to 'False'
[0.287s] Level 5:colcon.colcon_core.verb:set package 'greenhouse_nav' build argument 'cmake_clean_first' from command line to 'False'
[0.287s] Level 5:colcon.colcon_core.verb:set package 'greenhouse_nav' build argument 'cmake_force_configure' from command line to 'False'
[0.287s] Level 5:colcon.colcon_core.verb:set package 'greenhouse_nav' build argument 'ament_cmake_args' from command line to 'None'
[0.287s] Level 5:colcon.colcon_core.verb:set package 'greenhouse_nav' build argument 'catkin_cmake_args' from command line to 'None'
[0.287s] Level 5:colcon.colcon_core.verb:set package 'greenhouse_nav' build argument 'catkin_skip_building_tests' from command line to 'False'
[0.287s] DEBUG:colcon.colcon_core.verb:Building package 'greenhouse_nav' with the following arguments: {'ament_cmake_args': None, 'build_base': '/home/monica/repositories/greenhouse-nav/greenhouse_nav/build/greenhouse_nav', 'catkin_cmake_args': None, 'catkin_skip_building_tests': False, 'cmake_args': None, 'cmake_clean_cache': False, 'cmake_clean_first': False, 'cmake_force_configure': False, 'cmake_target': None, 'cmake_target_skip_unavailable': False, 'install_base': '/home/monica/repositories/greenhouse-nav/greenhouse_nav/install/greenhouse_nav', 'merge_install': False, 'path': '/home/monica/repositories/greenhouse-nav/greenhouse_nav', 'symlink_install': True, 'test_result_base': None}
[0.287s] INFO:colcon.colcon_core.executor:Executing jobs using 'parallel' executor
[0.288s] DEBUG:colcon.colcon_parallel_executor.executor.parallel:run_until_complete
[0.288s] INFO:colcon.colcon_ros.task.ament_python.build:Building ROS package in '/home/monica/repositories/greenhouse-nav/greenhouse_nav' with build type 'ament_python'
[0.288s] Level 1:colcon.colcon_core.shell:create_environment_hook('greenhouse_nav', 'ament_prefix_path')
[0.290s] INFO:colcon.colcon_core.plugin_system:Skipping extension 'colcon_core.shell.bat': Not used on non-Windows systems
[0.290s] INFO:colcon.colcon_core.shell:Creating environment hook '/home/monica/repositories/greenhouse-nav/greenhouse_nav/install/greenhouse_nav/share/greenhouse_nav/hook/ament_prefix_path.ps1'
[0.291s] INFO:colcon.colcon_core.shell:Creating environment descriptor '/home/monica/repositories/greenhouse-nav/greenhouse_nav/install/greenhouse_nav/share/greenhouse_nav/hook/ament_prefix_path.dsv'
[0.291s] INFO:colcon.colcon_core.shell:Creating environment hook '/home/monica/repositories/greenhouse-nav/greenhouse_nav/install/greenhouse_nav/share/greenhouse_nav/hook/ament_prefix_path.sh'
[0.291s] INFO:colcon.colcon_core.shell:Skip shell extension 'powershell' for command environment: Not usable outside of PowerShell
[0.292s] DEBUG:colcon.colcon_core.shell:Skip shell extension 'dsv' for command environment
[0.481s] INFO:colcon.colcon_core.task.python.build:Building Python package in '/home/monica/repositories/greenhouse-nav/greenhouse_nav'
[0.482s] INFO:colcon.colcon_core.shell:Skip shell extension 'powershell' for command environment: Not usable outside of PowerShell
[0.482s] DEBUG:colcon.colcon_core.shell:Skip shell extension 'dsv' for command environment
[0.752s] DEBUG:colcon.colcon_core.task.python.build:Available setuptools commands: upload_docs, saveopts, rotate, install_headers, symlink_data, install, bdist_egg, build_clib, dist_info, build_scripts, bdist_dumb, egg_info, setopt, check, bdist_rpm, compile_catalog, easy_install, build, build_ext, sdist, install_data, upload, extract_messages, update_catalog, bdist, register, init_catalog, alias, develop, install_scripts, install_lib, clean, build_py, test, install_egg_info
[0.961s] DEBUG:colcon.colcon_core.task.python.build:Available setuptools 'develop' options: --local-snapshots-ok, --quiet, --index-url, --upgrade, --prefix, --editable, --install-layout, --no-find-links, --optimize, --exclude-scripts, --always-unzip, --egg-path, --force-installation-into-system-dir, --no-deps, --find-links, --no-user-cfg, --zip-ok, --verbose, --dry-run, --site-dirs, --record, --install-dir, --help, --user, --version, --always-copy, --multi-version, --uninstall, --build-directory, --allow-hosts, --script-dir
[0.964s] DEBUG:colcon.colcon_core.event_handler.log_command:Invoking command in '/home/monica/repositories/greenhouse-nav/greenhouse_nav/build/greenhouse_nav': PYTHONPATH=/home/monica/repositories/greenhouse-nav/greenhouse_nav/build/greenhouse_nav/prefix_override:/usr/lib/python3/dist-packages/colcon_core/task/python/colcon_distutils_commands:/home/monica/repositories/greenhouse-nav/greenhouse_nav/install/greenhouse_nav/lib/python3.10/site-packages:${PYTHONPATH} /usr/bin/python3 -W ignore:setup.py install is deprecated -W ignore:easy_install command is deprecated setup.py develop --editable --build-directory /home/monica/repositories/greenhouse-nav/greenhouse_nav/build/greenhouse_nav/build --no-deps symlink_data
[1.305s] Level 1:colcon.colcon_core.shell:create_environment_hook('greenhouse_nav', 'pythonpath_develop')
[1.306s] INFO:colcon.colcon_core.shell:Creating environment hook '/home/monica/repositories/greenhouse-nav/greenhouse_nav/build/greenhouse_nav/share/greenhouse_nav/hook/pythonpath_develop.ps1'
[1.306s] DEBUG:colcon.colcon_core.event_handler.log_command:Invoked command in '/home/monica/repositories/greenhouse-nav/greenhouse_nav/build/greenhouse_nav' returned '0': PYTHONPATH=/home/monica/repositories/greenhouse-nav/greenhouse_nav/build/greenhouse_nav/prefix_override:/usr/lib/python3/dist-packages/colcon_core/task/python/colcon_distutils_commands:/home/monica/repositories/greenhouse-nav/greenhouse_nav/install/greenhouse_nav/lib/python3.10/site-packages:${PYTHONPATH} /usr/bin/python3 -W ignore:setup.py install is deprecated -W ignore:easy_install command is deprecated setup.py develop --editable --build-directory /home/monica/repositories/greenhouse-nav/greenhouse_nav/build/greenhouse_nav/build --no-deps symlink_data
[1.307s] INFO:colcon.colcon_core.shell:Creating environment descriptor '/home/monica/repositories/greenhouse-nav/greenhouse_nav/build/greenhouse_nav/share/greenhouse_nav/hook/pythonpath_develop.dsv'
[1.307s] INFO:colcon.colcon_core.shell:Creating environment hook '/home/monica/repositories/greenhouse-nav/greenhouse_nav/build/greenhouse_nav/share/greenhouse_nav/hook/pythonpath_develop.sh'
[1.309s] Level 1:colcon.colcon_core.environment:checking '/home/monica/repositories/greenhouse-nav/greenhouse_nav/install/greenhouse_nav' for CMake module files
[1.309s] Level 1:colcon.colcon_core.environment:checking '/home/monica/repositories/greenhouse-nav/greenhouse_nav/install/greenhouse_nav' for CMake config files
[1.310s] Level 1:colcon.colcon_core.environment:checking '/home/monica/repositories/greenhouse-nav/greenhouse_nav/install/greenhouse_nav/lib'
[1.310s] Level 1:colcon.colcon_core.environment:checking '/home/monica/repositories/greenhouse-nav/greenhouse_nav/install/greenhouse_nav/bin'
[1.310s] Level 1:colcon.colcon_core.environment:checking '/home/monica/repositories/greenhouse-nav/greenhouse_nav/install/greenhouse_nav/lib/pkgconfig/greenhouse_nav.pc'
[1.310s] Level 1:colcon.colcon_core.environment:checking '/home/monica/repositories/greenhouse-nav/greenhouse_nav/install/greenhouse_nav/lib/python3.10/site-packages'
[1.310s] Level 1:colcon.colcon_core.shell:create_environment_hook('greenhouse_nav', 'pythonpath')
[1.310s] INFO:colcon.colcon_core.shell:Creating environment hook '/home/monica/repositories/greenhouse-nav/greenhouse_nav/install/greenhouse_nav/share/greenhouse_nav/hook/pythonpath.ps1'
[1.311s] INFO:colcon.colcon_core.shell:Creating environment descriptor '/home/monica/repositories/greenhouse-nav/greenhouse_nav/install/greenhouse_nav/share/greenhouse_nav/hook/pythonpath.dsv'
[1.311s] INFO:colcon.colcon_core.shell:Creating environment hook '/home/monica/repositories/greenhouse-nav/greenhouse_nav/install/greenhouse_nav/share/greenhouse_nav/hook/pythonpath.sh'
[1.312s] Level 1:colcon.colcon_core.environment:checking '/home/monica/repositories/greenhouse-nav/greenhouse_nav/install/greenhouse_nav/bin'
[1.312s] Level 1:colcon.colcon_core.environment:create_environment_scripts_only(greenhouse_nav)
[1.312s] INFO:colcon.colcon_core.shell:Creating package script '/home/monica/repositories/greenhouse-nav/greenhouse_nav/install/greenhouse_nav/share/greenhouse_nav/package.ps1'
[1.313s] INFO:colcon.colcon_core.shell:Creating package descriptor '/home/monica/repositories/greenhouse-nav/greenhouse_nav/install/greenhouse_nav/share/greenhouse_nav/package.dsv'
[1.313s] INFO:colcon.colcon_core.shell:Creating package script '/home/monica/repositories/greenhouse-nav/greenhouse_nav/install/greenhouse_nav/share/greenhouse_nav/package.sh'
[1.314s] INFO:colcon.colcon_core.shell:Creating package script '/home/monica/repositories/greenhouse-nav/greenhouse_nav/install/greenhouse_nav/share/greenhouse_nav/package.bash'
[1.314s] INFO:colcon.colcon_core.shell:Creating package script '/home/monica/repositories/greenhouse-nav/greenhouse_nav/install/greenhouse_nav/share/greenhouse_nav/package.zsh'
[1.315s] Level 1:colcon.colcon_core.environment:create_file_with_runtime_dependencies(/home/monica/repositories/greenhouse-nav/greenhouse_nav/install/greenhouse_nav/share/colcon-core/packages/greenhouse_nav)
[1.315s] DEBUG:colcon.colcon_parallel_executor.executor.parallel:closing loop
[1.315s] DEBUG:colcon.colcon_parallel_executor.executor.parallel:loop closed
[1.315s] DEBUG:colcon.colcon_parallel_executor.executor.parallel:run_until_complete finished with '0'
[1.315s] DEBUG:colcon.colcon_core.event_reactor:joining thread
[1.319s] INFO:colcon.colcon_core.plugin_system:Skipping extension 'colcon_notification.desktop_notification.terminal_notifier': Not used on non-Darwin systems
[1.319s] INFO:colcon.colcon_core.plugin_system:Skipping extension 'colcon_notification.desktop_notification.win32': Not used on non-Windows systems
[1.319s] INFO:colcon.colcon_notification.desktop_notification:Sending desktop notification using 'notify2'
[1.328s] DEBUG:colcon.colcon_core.event_reactor:joined thread
[1.329s] INFO:colcon.colcon_core.shell:Creating prefix script '/home/monica/repositories/greenhouse-nav/greenhouse_nav/install/local_setup.ps1'
[1.330s] INFO:colcon.colcon_core.shell:Creating prefix util module '/home/monica/repositories/greenhouse-nav/greenhouse_nav/install/_local_setup_util_ps1.py'
[1.331s] INFO:colcon.colcon_core.shell:Creating prefix chain script '/home/monica/repositories/greenhouse-nav/greenhouse_nav/install/setup.ps1'
[1.331s] INFO:colcon.colcon_core.shell:Creating prefix script '/home/monica/repositories/greenhouse-nav/greenhouse_nav/install/local_setup.sh'
[1.332s] INFO:colcon.colcon_core.shell:Creating prefix util module '/home/monica/repositories/greenhouse-nav/greenhouse_nav/install/_local_setup_util_sh.py'
[1.332s] INFO:colcon.colcon_core.shell:Creating prefix chain script '/home/monica/repositories/greenhouse-nav/greenhouse_nav/install/setup.sh'
[1.333s] INFO:colcon.colcon_core.shell:Creating prefix script '/home/monica/repositories/greenhouse-nav/greenhouse_nav/install/local_setup.bash'
[1.333s] INFO:colcon.colcon_core.shell:Creating prefix chain script '/home/monica/repositories/greenhouse-nav/greenhouse_nav/install/setup.bash'
[1.334s] INFO:colcon.colcon_core.shell:Creating prefix script '/home/monica/repositories/greenhouse-nav/greenhouse_nav/install/local_setup.zsh'
[1.334s] INFO:colcon.colcon_core.shell:Creating prefix chain script '/home/monica/repositories/greenhouse-nav/greenhouse_nav/install/setup.zsh'
