[0.075s] DEBUG:colcon:Command line arguments: ['/usr/bin/colcon', 'build', '--symlink-install']
[0.075s] DEBUG:colcon:Parsed command line arguments: Namespace(log_base=None, log_level=None, verb_name='build', build_base='build', install_base='install', merge_install=False, symlink_install=True, test_result_base=None, continue_on_error=False, executor='parallel', parallel_workers=16, event_handlers=None, ignore_user_meta=False, metas=['./colcon.meta'], base_paths=['.'], packages_ignore=None, packages_ignore_regex=None, paths=None, packages_up_to=None, packages_up_to_regex=None, packages_above=None, packages_above_and_dependencies=None, packages_above_depth=None, packages_select_by_dep=None, packages_skip_by_dep=None, packages_skip_up_to=None, packages_select_build_failed=False, packages_skip_build_finished=False, packages_select_test_failures=False, packages_skip_test_passed=False, packages_select=None, packages_skip=None, packages_select_regex=None, packages_skip_regex=None, packages_start=None, packages_end=None, allow_overriding=[], cmake_args=None, cmake_target=None, cmake_target_skip_unavailable=False, cmake_clean_cache=False, cmake_clean_first=False, cmake_force_configure=False, ament_cmake_args=None, catkin_cmake_args=None, catkin_skip_building_tests=False, verb_parser=<colcon_defaults.argument_parser.defaults.DefaultArgumentsDecorator object at 0x7a77e36ca6e0>, verb_extension=<colcon_core.verb.build.BuildVerb object at 0x7a77e39f7e80>, main=<bound method BuildVerb.main of <colcon_core.verb.build.BuildVerb object at 0x7a77e39f7e80>>)
[0.169s] Level 1:colcon.colcon_core.package_discovery:discover_packages(colcon_meta) check parameters
[0.169s] Level 1:colcon.colcon_core.package_discovery:discover_packages(recursive) check parameters
[0.169s] Level 1:colcon.colcon_core.package_discovery:discover_packages(ignore) check parameters
[0.169s] Level 1:colcon.colcon_core.package_discovery:discover_packages(path) check parameters
[0.169s] Level 1:colcon.colcon_core.package_discovery:discover_packages(colcon_meta) discover
[0.169s] Level 1:colcon.colcon_core.package_discovery:discover_packages(recursive) discover
[0.169s] INFO:colcon.colcon_core.package_discovery:Crawling recursively for packages in '/home/monica/repositories/greenhouse-nav/greenhouse_nav'
[0.170s] Level 1:colcon.colcon_core.package_identification:_identify(.) by extensions ['ignore', 'ignore_ament_install']
[0.170s] Level 1:colcon.colcon_core.package_identification:_identify(.) by extension 'ignore'
[0.170s] Level 1:colcon.colcon_core.package_identification:_identify(.) by extension 'ignore_ament_install'
[0.170s] Level 1:colcon.colcon_core.package_identification:_identify(.) by extensions ['colcon_pkg']
[0.170s] Level 1:colcon.colcon_core.package_identification:_identify(.) by extension 'colcon_pkg'
[0.170s] Level 1:colcon.colcon_core.package_identification:_identify(.) by extensions ['colcon_meta']
[0.170s] Level 1:colcon.colcon_core.package_identification:_identify(.) by extension 'colcon_meta'
[0.170s] Level 1:colcon.colcon_core.package_identification:_identify(.) by extensions ['ros']
[0.170s] Level 1:colcon.colcon_core.package_identification:_identify(.) by extension 'ros'
[0.180s] DEBUG:colcon.colcon_core.package_identification:Package '.' with type 'ros.ament_python' and name 'greenhouse_nav'
[0.180s] Level 1:colcon.colcon_core.package_discovery:discover_packages(recursive) using defaults
[0.180s] Level 1:colcon.colcon_core.package_discovery:discover_packages(ignore) discover
[0.180s] Level 1:colcon.colcon_core.package_discovery:discover_packages(ignore) using defaults
[0.181s] Level 1:colcon.colcon_core.package_discovery:discover_packages(path) discover
[0.181s] Level 1:colcon.colcon_core.package_discovery:discover_packages(path) using defaults
[0.199s] Level 1:colcon.colcon_core.package_discovery:discover_packages(prefix_path) check parameters
[0.199s] Level 1:colcon.colcon_core.package_discovery:discover_packages(prefix_path) discover
[0.200s] Level 1:colcon.colcon_core.package_discovery:discover_packages(prefix_path) using defaults
[0.201s] Level 5:colcon.colcon_core.verb:set package 'greenhouse_nav' build argument 'cmake_args' from command line to 'None'
[0.201s] Level 5:colcon.colcon_core.verb:set package 'greenhouse_nav' build argument 'cmake_target' from command line to 'None'
[0.201s] Level 5:colcon.colcon_core.verb:set package 'greenhouse_nav' build argument 'cmake_target_skip_unavailable' from command line to 'False'
[0.201s] Level 5:colcon.colcon_core.verb:set package 'greenhouse_nav' build argument 'cmake_clean_cache' from command line to 'False'
[0.201s] Level 5:colcon.colcon_core.verb:set package 'greenhouse_nav' build argument 'cmake_clean_first' from command line to 'False'
[0.201s] Level 5:colcon.colcon_core.verb:set package 'greenhouse_nav' build argument 'cmake_force_configure' from command line to 'False'
[0.201s] Level 5:colcon.colcon_core.verb:set package 'greenhouse_nav' build argument 'ament_cmake_args' from command line to 'None'
[0.201s] Level 5:colcon.colcon_core.verb:set package 'greenhouse_nav' build argument 'catkin_cmake_args' from command line to 'None'
[0.201s] Level 5:colcon.colcon_core.verb:set package 'greenhouse_nav' build argument 'catkin_skip_building_tests' from command line to 'False'
[0.201s] DEBUG:colcon.colcon_core.verb:Building package 'greenhouse_nav' with the following arguments: {'ament_cmake_args': None, 'build_base': '/home/monica/repositories/greenhouse-nav/greenhouse_nav/build/greenhouse_nav', 'catkin_cmake_args': None, 'catkin_skip_building_tests': False, 'cmake_args': None, 'cmake_clean_cache': False, 'cmake_clean_first': False, 'cmake_force_configure': False, 'cmake_target': None, 'cmake_target_skip_unavailable': False, 'install_base': '/home/monica/repositories/greenhouse-nav/greenhouse_nav/install/greenhouse_nav', 'merge_install': False, 'path': '/home/monica/repositories/greenhouse-nav/greenhouse_nav', 'symlink_install': True, 'test_result_base': None}
[0.201s] INFO:colcon.colcon_core.executor:Executing jobs using 'parallel' executor
[0.202s] DEBUG:colcon.colcon_parallel_executor.executor.parallel:run_until_complete
[0.202s] INFO:colcon.colcon_ros.task.ament_python.build:Building ROS package in '/home/monica/repositories/greenhouse-nav/greenhouse_nav' with build type 'ament_python'
[0.202s] Level 1:colcon.colcon_core.shell:create_environment_hook('greenhouse_nav', 'ament_prefix_path')
[0.204s] INFO:colcon.colcon_core.plugin_system:Skipping extension 'colcon_core.shell.bat': Not used on non-Windows systems
[0.204s] INFO:colcon.colcon_core.shell:Creating environment hook '/home/monica/repositories/greenhouse-nav/greenhouse_nav/install/greenhouse_nav/share/greenhouse_nav/hook/ament_prefix_path.ps1'
[0.205s] INFO:colcon.colcon_core.shell:Creating environment descriptor '/home/monica/repositories/greenhouse-nav/greenhouse_nav/install/greenhouse_nav/share/greenhouse_nav/hook/ament_prefix_path.dsv'
[0.205s] INFO:colcon.colcon_core.shell:Creating environment hook '/home/monica/repositories/greenhouse-nav/greenhouse_nav/install/greenhouse_nav/share/greenhouse_nav/hook/ament_prefix_path.sh'
[0.206s] INFO:colcon.colcon_core.shell:Skip shell extension 'powershell' for command environment: Not usable outside of PowerShell
[0.206s] DEBUG:colcon.colcon_core.shell:Skip shell extension 'dsv' for command environment
[0.362s] INFO:colcon.colcon_core.task.python.build:Building Python package in '/home/monica/repositories/greenhouse-nav/greenhouse_nav'
[0.362s] INFO:colcon.colcon_core.shell:Skip shell extension 'powershell' for command environment: Not usable outside of PowerShell
[0.362s] DEBUG:colcon.colcon_core.shell:Skip shell extension 'dsv' for command environment
[0.586s] DEBUG:colcon.colcon_core.task.python.build:Available setuptools commands: build_py, bdist_dumb, symlink_data, bdist_egg, compile_catalog, install_data, bdist_rpm, build_scripts, build_ext, clean, upload_docs, upload, build, bdist, install_lib, install_headers, register, install, sdist, update_catalog, install_egg_info, dist_info, install_scripts, check, init_catalog, saveopts, easy_install, setopt, build_clib, test, egg_info, extract_messages, alias, rotate, develop
[0.763s] DEBUG:colcon.colcon_core.task.python.build:Available setuptools 'develop' options: --user, --no-user-cfg, --no-find-links, --dry-run, --version, --always-copy, --exclude-scripts, --index-url, --zip-ok, --allow-hosts, --help, --upgrade, --install-layout, --record, --uninstall, --install-dir, --always-unzip, --build-directory, --verbose, --script-dir, --multi-version, --site-dirs, --find-links, --force-installation-into-system-dir, --editable, --local-snapshots-ok, --optimize, --quiet, --no-deps, --egg-path, --prefix
[0.766s] DEBUG:colcon.colcon_core.event_handler.log_command:Invoking command in '/home/monica/repositories/greenhouse-nav/greenhouse_nav/build/greenhouse_nav': CONDA_PROMPT_MODIFIER=(base) PYTHONPATH=/home/monica/repositories/greenhouse-nav/greenhouse_nav/build/greenhouse_nav/prefix_override:/usr/lib/python3/dist-packages/colcon_core/task/python/colcon_distutils_commands:/home/monica/repositories/greenhouse-nav/greenhouse_nav/install/greenhouse_nav/lib/python3.10/site-packages: /usr/bin/python3 -W ignore:setup.py install is deprecated -W ignore:easy_install command is deprecated setup.py develop --editable --build-directory /home/monica/repositories/greenhouse-nav/greenhouse_nav/build/greenhouse_nav/build --no-deps symlink_data
[1.012s] Level 1:colcon.colcon_core.shell:create_environment_hook('greenhouse_nav', 'pythonpath_develop')
[1.013s] INFO:colcon.colcon_core.shell:Creating environment hook '/home/monica/repositories/greenhouse-nav/greenhouse_nav/build/greenhouse_nav/share/greenhouse_nav/hook/pythonpath_develop.ps1'
[1.013s] DEBUG:colcon.colcon_core.event_handler.log_command:Invoked command in '/home/monica/repositories/greenhouse-nav/greenhouse_nav/build/greenhouse_nav' returned '0': CONDA_PROMPT_MODIFIER=(base) PYTHONPATH=/home/monica/repositories/greenhouse-nav/greenhouse_nav/build/greenhouse_nav/prefix_override:/usr/lib/python3/dist-packages/colcon_core/task/python/colcon_distutils_commands:/home/monica/repositories/greenhouse-nav/greenhouse_nav/install/greenhouse_nav/lib/python3.10/site-packages: /usr/bin/python3 -W ignore:setup.py install is deprecated -W ignore:easy_install command is deprecated setup.py develop --editable --build-directory /home/monica/repositories/greenhouse-nav/greenhouse_nav/build/greenhouse_nav/build --no-deps symlink_data
[1.014s] INFO:colcon.colcon_core.shell:Creating environment descriptor '/home/monica/repositories/greenhouse-nav/greenhouse_nav/build/greenhouse_nav/share/greenhouse_nav/hook/pythonpath_develop.dsv'
[1.014s] INFO:colcon.colcon_core.shell:Creating environment hook '/home/monica/repositories/greenhouse-nav/greenhouse_nav/build/greenhouse_nav/share/greenhouse_nav/hook/pythonpath_develop.sh'
[1.016s] Level 1:colcon.colcon_core.environment:checking '/home/monica/repositories/greenhouse-nav/greenhouse_nav/install/greenhouse_nav' for CMake module files
[1.016s] Level 1:colcon.colcon_core.environment:checking '/home/monica/repositories/greenhouse-nav/greenhouse_nav/install/greenhouse_nav' for CMake config files
[1.017s] Level 1:colcon.colcon_core.environment:checking '/home/monica/repositories/greenhouse-nav/greenhouse_nav/install/greenhouse_nav/lib'
[1.017s] Level 1:colcon.colcon_core.environment:checking '/home/monica/repositories/greenhouse-nav/greenhouse_nav/install/greenhouse_nav/bin'
[1.017s] Level 1:colcon.colcon_core.environment:checking '/home/monica/repositories/greenhouse-nav/greenhouse_nav/install/greenhouse_nav/lib/pkgconfig/greenhouse_nav.pc'
[1.017s] Level 1:colcon.colcon_core.environment:checking '/home/monica/repositories/greenhouse-nav/greenhouse_nav/install/greenhouse_nav/lib/python3.10/site-packages'
[1.017s] Level 1:colcon.colcon_core.shell:create_environment_hook('greenhouse_nav', 'pythonpath')
[1.018s] INFO:colcon.colcon_core.shell:Creating environment hook '/home/monica/repositories/greenhouse-nav/greenhouse_nav/install/greenhouse_nav/share/greenhouse_nav/hook/pythonpath.ps1'
[1.018s] INFO:colcon.colcon_core.shell:Creating environment descriptor '/home/monica/repositories/greenhouse-nav/greenhouse_nav/install/greenhouse_nav/share/greenhouse_nav/hook/pythonpath.dsv'
[1.018s] INFO:colcon.colcon_core.shell:Creating environment hook '/home/monica/repositories/greenhouse-nav/greenhouse_nav/install/greenhouse_nav/share/greenhouse_nav/hook/pythonpath.sh'
[1.019s] Level 1:colcon.colcon_core.environment:checking '/home/monica/repositories/greenhouse-nav/greenhouse_nav/install/greenhouse_nav/bin'
[1.019s] Level 1:colcon.colcon_core.environment:create_environment_scripts_only(greenhouse_nav)
[1.019s] INFO:colcon.colcon_core.shell:Creating package script '/home/monica/repositories/greenhouse-nav/greenhouse_nav/install/greenhouse_nav/share/greenhouse_nav/package.ps1'
[1.020s] INFO:colcon.colcon_core.shell:Creating package descriptor '/home/monica/repositories/greenhouse-nav/greenhouse_nav/install/greenhouse_nav/share/greenhouse_nav/package.dsv'
[1.021s] INFO:colcon.colcon_core.shell:Creating package script '/home/monica/repositories/greenhouse-nav/greenhouse_nav/install/greenhouse_nav/share/greenhouse_nav/package.sh'
[1.021s] INFO:colcon.colcon_core.shell:Creating package script '/home/monica/repositories/greenhouse-nav/greenhouse_nav/install/greenhouse_nav/share/greenhouse_nav/package.bash'
[1.022s] INFO:colcon.colcon_core.shell:Creating package script '/home/monica/repositories/greenhouse-nav/greenhouse_nav/install/greenhouse_nav/share/greenhouse_nav/package.zsh'
[1.022s] Level 1:colcon.colcon_core.environment:create_file_with_runtime_dependencies(/home/monica/repositories/greenhouse-nav/greenhouse_nav/install/greenhouse_nav/share/colcon-core/packages/greenhouse_nav)
[1.022s] DEBUG:colcon.colcon_parallel_executor.executor.parallel:closing loop
[1.023s] DEBUG:colcon.colcon_parallel_executor.executor.parallel:loop closed
[1.023s] DEBUG:colcon.colcon_parallel_executor.executor.parallel:run_until_complete finished with '0'
[1.023s] DEBUG:colcon.colcon_core.event_reactor:joining thread
[1.027s] INFO:colcon.colcon_core.plugin_system:Skipping extension 'colcon_notification.desktop_notification.terminal_notifier': Not used on non-Darwin systems
[1.027s] INFO:colcon.colcon_core.plugin_system:Skipping extension 'colcon_notification.desktop_notification.win32': Not used on non-Windows systems
[1.027s] INFO:colcon.colcon_notification.desktop_notification:Sending desktop notification using 'notify2'
[1.036s] DEBUG:colcon.colcon_core.event_reactor:joined thread
[1.037s] INFO:colcon.colcon_core.shell:Creating prefix script '/home/monica/repositories/greenhouse-nav/greenhouse_nav/install/local_setup.ps1'
[1.038s] INFO:colcon.colcon_core.shell:Creating prefix util module '/home/monica/repositories/greenhouse-nav/greenhouse_nav/install/_local_setup_util_ps1.py'
[1.039s] INFO:colcon.colcon_core.shell:Creating prefix chain script '/home/monica/repositories/greenhouse-nav/greenhouse_nav/install/setup.ps1'
[1.040s] INFO:colcon.colcon_core.shell:Creating prefix script '/home/monica/repositories/greenhouse-nav/greenhouse_nav/install/local_setup.sh'
[1.040s] INFO:colcon.colcon_core.shell:Creating prefix util module '/home/monica/repositories/greenhouse-nav/greenhouse_nav/install/_local_setup_util_sh.py'
[1.041s] INFO:colcon.colcon_core.shell:Creating prefix chain script '/home/monica/repositories/greenhouse-nav/greenhouse_nav/install/setup.sh'
[1.041s] INFO:colcon.colcon_core.shell:Creating prefix script '/home/monica/repositories/greenhouse-nav/greenhouse_nav/install/local_setup.bash'
[1.042s] INFO:colcon.colcon_core.shell:Creating prefix chain script '/home/monica/repositories/greenhouse-nav/greenhouse_nav/install/setup.bash'
[1.042s] INFO:colcon.colcon_core.shell:Creating prefix script '/home/monica/repositories/greenhouse-nav/greenhouse_nav/install/local_setup.zsh'
[1.043s] INFO:colcon.colcon_core.shell:Creating prefix chain script '/home/monica/repositories/greenhouse-nav/greenhouse_nav/install/setup.zsh'
